#! /usr/local/iverilog/bin/vvp
:ivl_version "11.0 (devel)" "(s20150603-642-g3bdb50da)";
:ivl_delay_selection "TYPICAL";
:vpi_time_precision - 12;
:vpi_module "system";
:vpi_module "vhdl_sys";
:vpi_module "vhdl_textio";
:vpi_module "v2005_math";
:vpi_module "va_math";
S_00000000010e7440 .scope module, "tb_day" "tb_day" 2 2;
 .timescale -9 -12;
v0000000001143270_0 .var "ADC_CLK_10", 0 0;
v0000000001143310_0 .net "HEX0", 7 0, v00000000010a2c80_0;  1 drivers
v0000000001143770_0 .net "HEX1", 7 0, v00000000010a2f50_0;  1 drivers
v0000000001143810_0 .net "HEX2", 7 0, v0000000001143d10_0;  1 drivers
v00000000011438b0_0 .net "HEX3", 7 0, v0000000001143090_0;  1 drivers
v00000000011459a0_0 .net "HEX4", 7 0, v0000000001143950_0;  1 drivers
v0000000001145360_0 .net "HEX5", 7 0, v00000000011439f0_0;  1 drivers
v0000000001144fa0_0 .var "KEY", 1 0;
L_0000000001190088 .functor BUFT 1, C4<0>, C4<0>, C4<0>, C4<0>;
RS_00000000010ea688 .resolv tri, v00000000010df790_0, L_0000000001190088;
v0000000001144be0_0 .net8 "LED0", 0 0, RS_00000000010ea688;  2 drivers
L_0000000001145180 .part v0000000001144fa0_0, 0, 1;
S_00000000010e8d10 .scope module, "U0" "day_counter" 2 9, 3 1 0, S_00000000010e7440;
 .timescale -9 -12;
    .port_info 0 /INPUT 1 "ADC_CLK_10";
    .port_info 1 /INPUT 1 "reset";
    .port_info 2 /OUTPUT 1 "LED0";
    .port_info 3 /OUTPUT 8 "HEX0";
    .port_info 4 /OUTPUT 8 "HEX1";
    .port_info 5 /OUTPUT 8 "HEX2";
    .port_info 6 /OUTPUT 8 "HEX3";
    .port_info 7 /OUTPUT 8 "HEX4";
    .port_info 8 /OUTPUT 8 "HEX5";
v00000000011433b0_0 .net "ADC_CLK_10", 0 0, v0000000001143270_0;  1 drivers
v0000000001143450_0 .var "BCD", 7 0;
v0000000001143590_0 .net "HEX0", 7 0, v00000000010a2c80_0;  alias, 1 drivers
v00000000011434f0_0 .net "HEX1", 7 0, v00000000010a2f50_0;  alias, 1 drivers
v0000000001143630_0 .net "HEX2", 7 0, v0000000001143d10_0;  alias, 1 drivers
v00000000011436d0_0 .net "HEX3", 7 0, v0000000001143090_0;  alias, 1 drivers
v0000000001143a90_0 .net "HEX4", 7 0, v0000000001143950_0;  alias, 1 drivers
v0000000001143db0_0 .net "HEX5", 7 0, v00000000011439f0_0;  alias, 1 drivers
v0000000001143ef0_0 .net8 "LED0", 0 0, RS_00000000010ea688;  alias, 2 drivers
v00000000011431d0_0 .net "clk", 0 0, v00000000010e8ea0_0;  1 drivers
L_00000000011900d0 .functor BUFT 1, C4<1111>, C4<0>, C4<0>, C4<0>;
v0000000001143f90_0 .net "off", 3 0, L_00000000011900d0;  1 drivers
v0000000001143130_0 .net "reset", 0 0, L_0000000001145180;  1 drivers
E_00000000010d3930/0 .event negedge, v0000000001143130_0;
E_00000000010d3930/1 .event posedge, v00000000010e8ea0_0;
E_00000000010d3930 .event/or E_00000000010d3930/0, E_00000000010d3930/1;
L_0000000001145ea0 .part v0000000001143450_0, 4, 4;
L_0000000001145a40 .part v0000000001143450_0, 0, 4;
S_00000000010df600 .scope module, "clk_div_inst" "clk_div" 3 18, 4 1 0, S_00000000010e8d10;
 .timescale -9 -12;
    .port_info 0 /INPUT 1 "clk_in";
    .port_info 1 /OUTPUT 1 "clk_out";
    .port_info 2 /OUTPUT 1 "led";
P_00000000010d2ef0 .param/l "div" 0 4 6, +C4<00000000000000000000000000000010>;
v00000000010d0bc0_0 .net "clk_in", 0 0, v0000000001143270_0;  alias, 1 drivers
v00000000010e8ea0_0 .var "clk_out", 0 0;
v00000000010e77e0_0 .var "counter", 22 0;
v00000000010df790_0 .var "led", 0 0;
E_00000000010d7d40 .event posedge, v00000000010d0bc0_0;
S_00000000010df830 .scope module, "seg7_decoder_inst_0" "seg7_decoder" 3 15, 5 1 0, S_00000000010e8d10;
 .timescale -9 -12;
    .port_info 0 /INPUT 4 "in";
    .port_info 1 /OUTPUT 8 "out";
v00000000010a2be0_0 .net "in", 3 0, L_00000000011900d0;  alias, 1 drivers
v00000000010a2c80_0 .var "out", 7 0;
E_00000000010d7e00 .event edge, v00000000010a2be0_0;
S_00000000010a2d20 .scope module, "seg7_decoder_inst_1" "seg7_decoder" 3 14, 5 1 0, S_00000000010e8d10;
 .timescale -9 -12;
    .port_info 0 /INPUT 4 "in";
    .port_info 1 /OUTPUT 8 "out";
v00000000010a2eb0_0 .net "in", 3 0, L_00000000011900d0;  alias, 1 drivers
v00000000010a2f50_0 .var "out", 7 0;
S_00000000010e3680 .scope module, "seg7_decoder_inst_2" "seg7_decoder" 3 13, 5 1 0, S_00000000010e8d10;
 .timescale -9 -12;
    .port_info 0 /INPUT 4 "in";
    .port_info 1 /OUTPUT 8 "out";
v0000000001143e50_0 .net "in", 3 0, L_00000000011900d0;  alias, 1 drivers
v0000000001143d10_0 .var "out", 7 0;
S_00000000010e3810 .scope module, "seg7_decoder_inst_3" "seg7_decoder" 3 12, 5 1 0, S_00000000010e8d10;
 .timescale -9 -12;
    .port_info 0 /INPUT 4 "in";
    .port_info 1 /OUTPUT 8 "out";
v0000000001143c70_0 .net "in", 3 0, L_00000000011900d0;  alias, 1 drivers
v0000000001143090_0 .var "out", 7 0;
S_0000000001144050 .scope module, "seg7_decoder_inst_4" "seg7_decoder" 3 11, 5 1 0, S_00000000010e8d10;
 .timescale -9 -12;
    .port_info 0 /INPUT 4 "in";
    .port_info 1 /OUTPUT 8 "out";
v0000000001143b30_0 .net "in", 3 0, L_0000000001145a40;  1 drivers
v0000000001143950_0 .var "out", 7 0;
E_00000000010d7ec0 .event edge, v0000000001143b30_0;
S_00000000011441e0 .scope module, "seg7_decoder_inst_5" "seg7_decoder" 3 10, 5 1 0, S_00000000010e8d10;
 .timescale -9 -12;
    .port_info 0 /INPUT 4 "in";
    .port_info 1 /OUTPUT 8 "out";
v0000000001143bd0_0 .net "in", 3 0, L_0000000001145ea0;  1 drivers
v00000000011439f0_0 .var "out", 7 0;
E_00000000010d7480 .event edge, v0000000001143bd0_0;
    .scope S_00000000011441e0;
T_0 ;
    %wait E_00000000010d7480;
    %load/vec4 v0000000001143bd0_0;
    %dup/vec4;
    %pushi/vec4 0, 0, 4;
    %cmp/u;
    %jmp/1 T_0.0, 6;
    %dup/vec4;
    %pushi/vec4 1, 0, 4;
    %cmp/u;
    %jmp/1 T_0.1, 6;
    %dup/vec4;
    %pushi/vec4 2, 0, 4;
    %cmp/u;
    %jmp/1 T_0.2, 6;
    %dup/vec4;
    %pushi/vec4 3, 0, 4;
    %cmp/u;
    %jmp/1 T_0.3, 6;
    %dup/vec4;
    %pushi/vec4 4, 0, 4;
    %cmp/u;
    %jmp/1 T_0.4, 6;
    %dup/vec4;
    %pushi/vec4 5, 0, 4;
    %cmp/u;
    %jmp/1 T_0.5, 6;
    %dup/vec4;
    %pushi/vec4 6, 0, 4;
    %cmp/u;
    %jmp/1 T_0.6, 6;
    %dup/vec4;
    %pushi/vec4 7, 0, 4;
    %cmp/u;
    %jmp/1 T_0.7, 6;
    %dup/vec4;
    %pushi/vec4 8, 0, 4;
    %cmp/u;
    %jmp/1 T_0.8, 6;
    %dup/vec4;
    %pushi/vec4 9, 0, 4;
    %cmp/u;
    %jmp/1 T_0.9, 6;
    %dup/vec4;
    %pushi/vec4 15, 0, 4;
    %cmp/u;
    %jmp/1 T_0.10, 6;
    %pushi/vec4 255, 0, 8;
    %store/vec4 v00000000011439f0_0, 0, 8;
    %jmp T_0.12;
T_0.0 ;
    %pushi/vec4 192, 0, 8;
    %store/vec4 v00000000011439f0_0, 0, 8;
    %jmp T_0.12;
T_0.1 ;
    %pushi/vec4 249, 0, 8;
    %store/vec4 v00000000011439f0_0, 0, 8;
    %jmp T_0.12;
T_0.2 ;
    %pushi/vec4 164, 0, 8;
    %store/vec4 v00000000011439f0_0, 0, 8;
    %jmp T_0.12;
T_0.3 ;
    %pushi/vec4 176, 0, 8;
    %store/vec4 v00000000011439f0_0, 0, 8;
    %jmp T_0.12;
T_0.4 ;
    %pushi/vec4 153, 0, 8;
    %store/vec4 v00000000011439f0_0, 0, 8;
    %jmp T_0.12;
T_0.5 ;
    %pushi/vec4 146, 0, 8;
    %store/vec4 v00000000011439f0_0, 0, 8;
    %jmp T_0.12;
T_0.6 ;
    %pushi/vec4 130, 0, 8;
    %store/vec4 v00000000011439f0_0, 0, 8;
    %jmp T_0.12;
T_0.7 ;
    %pushi/vec4 248, 0, 8;
    %store/vec4 v00000000011439f0_0, 0, 8;
    %jmp T_0.12;
T_0.8 ;
    %pushi/vec4 128, 0, 8;
    %store/vec4 v00000000011439f0_0, 0, 8;
    %jmp T_0.12;
T_0.9 ;
    %pushi/vec4 152, 0, 8;
    %store/vec4 v00000000011439f0_0, 0, 8;
    %jmp T_0.12;
T_0.10 ;
    %pushi/vec4 255, 0, 8;
    %store/vec4 v00000000011439f0_0, 0, 8;
    %jmp T_0.12;
T_0.12 ;
    %pop/vec4 1;
    %jmp T_0;
    .thread T_0, $push;
    .scope S_0000000001144050;
T_1 ;
    %wait E_00000000010d7ec0;
    %load/vec4 v0000000001143b30_0;
    %dup/vec4;
    %pushi/vec4 0, 0, 4;
    %cmp/u;
    %jmp/1 T_1.0, 6;
    %dup/vec4;
    %pushi/vec4 1, 0, 4;
    %cmp/u;
    %jmp/1 T_1.1, 6;
    %dup/vec4;
    %pushi/vec4 2, 0, 4;
    %cmp/u;
    %jmp/1 T_1.2, 6;
    %dup/vec4;
    %pushi/vec4 3, 0, 4;
    %cmp/u;
    %jmp/1 T_1.3, 6;
    %dup/vec4;
    %pushi/vec4 4, 0, 4;
    %cmp/u;
    %jmp/1 T_1.4, 6;
    %dup/vec4;
    %pushi/vec4 5, 0, 4;
    %cmp/u;
    %jmp/1 T_1.5, 6;
    %dup/vec4;
    %pushi/vec4 6, 0, 4;
    %cmp/u;
    %jmp/1 T_1.6, 6;
    %dup/vec4;
    %pushi/vec4 7, 0, 4;
    %cmp/u;
    %jmp/1 T_1.7, 6;
    %dup/vec4;
    %pushi/vec4 8, 0, 4;
    %cmp/u;
    %jmp/1 T_1.8, 6;
    %dup/vec4;
    %pushi/vec4 9, 0, 4;
    %cmp/u;
    %jmp/1 T_1.9, 6;
    %dup/vec4;
    %pushi/vec4 15, 0, 4;
    %cmp/u;
    %jmp/1 T_1.10, 6;
    %pushi/vec4 255, 0, 8;
    %store/vec4 v0000000001143950_0, 0, 8;
    %jmp T_1.12;
T_1.0 ;
    %pushi/vec4 192, 0, 8;
    %store/vec4 v0000000001143950_0, 0, 8;
    %jmp T_1.12;
T_1.1 ;
    %pushi/vec4 249, 0, 8;
    %store/vec4 v0000000001143950_0, 0, 8;
    %jmp T_1.12;
T_1.2 ;
    %pushi/vec4 164, 0, 8;
    %store/vec4 v0000000001143950_0, 0, 8;
    %jmp T_1.12;
T_1.3 ;
    %pushi/vec4 176, 0, 8;
    %store/vec4 v0000000001143950_0, 0, 8;
    %jmp T_1.12;
T_1.4 ;
    %pushi/vec4 153, 0, 8;
    %store/vec4 v0000000001143950_0, 0, 8;
    %jmp T_1.12;
T_1.5 ;
    %pushi/vec4 146, 0, 8;
    %store/vec4 v0000000001143950_0, 0, 8;
    %jmp T_1.12;
T_1.6 ;
    %pushi/vec4 130, 0, 8;
    %store/vec4 v0000000001143950_0, 0, 8;
    %jmp T_1.12;
T_1.7 ;
    %pushi/vec4 248, 0, 8;
    %store/vec4 v0000000001143950_0, 0, 8;
    %jmp T_1.12;
T_1.8 ;
    %pushi/vec4 128, 0, 8;
    %store/vec4 v0000000001143950_0, 0, 8;
    %jmp T_1.12;
T_1.9 ;
    %pushi/vec4 152, 0, 8;
    %store/vec4 v0000000001143950_0, 0, 8;
    %jmp T_1.12;
T_1.10 ;
    %pushi/vec4 255, 0, 8;
    %store/vec4 v0000000001143950_0, 0, 8;
    %jmp T_1.12;
T_1.12 ;
    %pop/vec4 1;
    %jmp T_1;
    .thread T_1, $push;
    .scope S_00000000010e3810;
T_2 ;
    %wait E_00000000010d7e00;
    %load/vec4 v0000000001143c70_0;
    %dup/vec4;
    %pushi/vec4 0, 0, 4;
    %cmp/u;
    %jmp/1 T_2.0, 6;
    %dup/vec4;
    %pushi/vec4 1, 0, 4;
    %cmp/u;
    %jmp/1 T_2.1, 6;
    %dup/vec4;
    %pushi/vec4 2, 0, 4;
    %cmp/u;
    %jmp/1 T_2.2, 6;
    %dup/vec4;
    %pushi/vec4 3, 0, 4;
    %cmp/u;
    %jmp/1 T_2.3, 6;
    %dup/vec4;
    %pushi/vec4 4, 0, 4;
    %cmp/u;
    %jmp/1 T_2.4, 6;
    %dup/vec4;
    %pushi/vec4 5, 0, 4;
    %cmp/u;
    %jmp/1 T_2.5, 6;
    %dup/vec4;
    %pushi/vec4 6, 0, 4;
    %cmp/u;
    %jmp/1 T_2.6, 6;
    %dup/vec4;
    %pushi/vec4 7, 0, 4;
    %cmp/u;
    %jmp/1 T_2.7, 6;
    %dup/vec4;
    %pushi/vec4 8, 0, 4;
    %cmp/u;
    %jmp/1 T_2.8, 6;
    %dup/vec4;
    %pushi/vec4 9, 0, 4;
    %cmp/u;
    %jmp/1 T_2.9, 6;
    %dup/vec4;
    %pushi/vec4 15, 0, 4;
    %cmp/u;
    %jmp/1 T_2.10, 6;
    %pushi/vec4 255, 0, 8;
    %store/vec4 v0000000001143090_0, 0, 8;
    %jmp T_2.12;
T_2.0 ;
    %pushi/vec4 192, 0, 8;
    %store/vec4 v0000000001143090_0, 0, 8;
    %jmp T_2.12;
T_2.1 ;
    %pushi/vec4 249, 0, 8;
    %store/vec4 v0000000001143090_0, 0, 8;
    %jmp T_2.12;
T_2.2 ;
    %pushi/vec4 164, 0, 8;
    %store/vec4 v0000000001143090_0, 0, 8;
    %jmp T_2.12;
T_2.3 ;
    %pushi/vec4 176, 0, 8;
    %store/vec4 v0000000001143090_0, 0, 8;
    %jmp T_2.12;
T_2.4 ;
    %pushi/vec4 153, 0, 8;
    %store/vec4 v0000000001143090_0, 0, 8;
    %jmp T_2.12;
T_2.5 ;
    %pushi/vec4 146, 0, 8;
    %store/vec4 v0000000001143090_0, 0, 8;
    %jmp T_2.12;
T_2.6 ;
    %pushi/vec4 130, 0, 8;
    %store/vec4 v0000000001143090_0, 0, 8;
    %jmp T_2.12;
T_2.7 ;
    %pushi/vec4 248, 0, 8;
    %store/vec4 v0000000001143090_0, 0, 8;
    %jmp T_2.12;
T_2.8 ;
    %pushi/vec4 128, 0, 8;
    %store/vec4 v0000000001143090_0, 0, 8;
    %jmp T_2.12;
T_2.9 ;
    %pushi/vec4 152, 0, 8;
    %store/vec4 v0000000001143090_0, 0, 8;
    %jmp T_2.12;
T_2.10 ;
    %pushi/vec4 255, 0, 8;
    %store/vec4 v0000000001143090_0, 0, 8;
    %jmp T_2.12;
T_2.12 ;
    %pop/vec4 1;
    %jmp T_2;
    .thread T_2, $push;
    .scope S_00000000010e3680;
T_3 ;
    %wait E_00000000010d7e00;
    %load/vec4 v0000000001143e50_0;
    %dup/vec4;
    %pushi/vec4 0, 0, 4;
    %cmp/u;
    %jmp/1 T_3.0, 6;
    %dup/vec4;
    %pushi/vec4 1, 0, 4;
    %cmp/u;
    %jmp/1 T_3.1, 6;
    %dup/vec4;
    %pushi/vec4 2, 0, 4;
    %cmp/u;
    %jmp/1 T_3.2, 6;
    %dup/vec4;
    %pushi/vec4 3, 0, 4;
    %cmp/u;
    %jmp/1 T_3.3, 6;
    %dup/vec4;
    %pushi/vec4 4, 0, 4;
    %cmp/u;
    %jmp/1 T_3.4, 6;
    %dup/vec4;
    %pushi/vec4 5, 0, 4;
    %cmp/u;
    %jmp/1 T_3.5, 6;
    %dup/vec4;
    %pushi/vec4 6, 0, 4;
    %cmp/u;
    %jmp/1 T_3.6, 6;
    %dup/vec4;
    %pushi/vec4 7, 0, 4;
    %cmp/u;
    %jmp/1 T_3.7, 6;
    %dup/vec4;
    %pushi/vec4 8, 0, 4;
    %cmp/u;
    %jmp/1 T_3.8, 6;
    %dup/vec4;
    %pushi/vec4 9, 0, 4;
    %cmp/u;
    %jmp/1 T_3.9, 6;
    %dup/vec4;
    %pushi/vec4 15, 0, 4;
    %cmp/u;
    %jmp/1 T_3.10, 6;
    %pushi/vec4 255, 0, 8;
    %store/vec4 v0000000001143d10_0, 0, 8;
    %jmp T_3.12;
T_3.0 ;
    %pushi/vec4 192, 0, 8;
    %store/vec4 v0000000001143d10_0, 0, 8;
    %jmp T_3.12;
T_3.1 ;
    %pushi/vec4 249, 0, 8;
    %store/vec4 v0000000001143d10_0, 0, 8;
    %jmp T_3.12;
T_3.2 ;
    %pushi/vec4 164, 0, 8;
    %store/vec4 v0000000001143d10_0, 0, 8;
    %jmp T_3.12;
T_3.3 ;
    %pushi/vec4 176, 0, 8;
    %store/vec4 v0000000001143d10_0, 0, 8;
    %jmp T_3.12;
T_3.4 ;
    %pushi/vec4 153, 0, 8;
    %store/vec4 v0000000001143d10_0, 0, 8;
    %jmp T_3.12;
T_3.5 ;
    %pushi/vec4 146, 0, 8;
    %store/vec4 v0000000001143d10_0, 0, 8;
    %jmp T_3.12;
T_3.6 ;
    %pushi/vec4 130, 0, 8;
    %store/vec4 v0000000001143d10_0, 0, 8;
    %jmp T_3.12;
T_3.7 ;
    %pushi/vec4 248, 0, 8;
    %store/vec4 v0000000001143d10_0, 0, 8;
    %jmp T_3.12;
T_3.8 ;
    %pushi/vec4 128, 0, 8;
    %store/vec4 v0000000001143d10_0, 0, 8;
    %jmp T_3.12;
T_3.9 ;
    %pushi/vec4 152, 0, 8;
    %store/vec4 v0000000001143d10_0, 0, 8;
    %jmp T_3.12;
T_3.10 ;
    %pushi/vec4 255, 0, 8;
    %store/vec4 v0000000001143d10_0, 0, 8;
    %jmp T_3.12;
T_3.12 ;
    %pop/vec4 1;
    %jmp T_3;
    .thread T_3, $push;
    .scope S_00000000010a2d20;
T_4 ;
    %wait E_00000000010d7e00;
    %load/vec4 v00000000010a2eb0_0;
    %dup/vec4;
    %pushi/vec4 0, 0, 4;
    %cmp/u;
    %jmp/1 T_4.0, 6;
    %dup/vec4;
    %pushi/vec4 1, 0, 4;
    %cmp/u;
    %jmp/1 T_4.1, 6;
    %dup/vec4;
    %pushi/vec4 2, 0, 4;
    %cmp/u;
    %jmp/1 T_4.2, 6;
    %dup/vec4;
    %pushi/vec4 3, 0, 4;
    %cmp/u;
    %jmp/1 T_4.3, 6;
    %dup/vec4;
    %pushi/vec4 4, 0, 4;
    %cmp/u;
    %jmp/1 T_4.4, 6;
    %dup/vec4;
    %pushi/vec4 5, 0, 4;
    %cmp/u;
    %jmp/1 T_4.5, 6;
    %dup/vec4;
    %pushi/vec4 6, 0, 4;
    %cmp/u;
    %jmp/1 T_4.6, 6;
    %dup/vec4;
    %pushi/vec4 7, 0, 4;
    %cmp/u;
    %jmp/1 T_4.7, 6;
    %dup/vec4;
    %pushi/vec4 8, 0, 4;
    %cmp/u;
    %jmp/1 T_4.8, 6;
    %dup/vec4;
    %pushi/vec4 9, 0, 4;
    %cmp/u;
    %jmp/1 T_4.9, 6;
    %dup/vec4;
    %pushi/vec4 15, 0, 4;
    %cmp/u;
    %jmp/1 T_4.10, 6;
    %pushi/vec4 255, 0, 8;
    %store/vec4 v00000000010a2f50_0, 0, 8;
    %jmp T_4.12;
T_4.0 ;
    %pushi/vec4 192, 0, 8;
    %store/vec4 v00000000010a2f50_0, 0, 8;
    %jmp T_4.12;
T_4.1 ;
    %pushi/vec4 249, 0, 8;
    %store/vec4 v00000000010a2f50_0, 0, 8;
    %jmp T_4.12;
T_4.2 ;
    %pushi/vec4 164, 0, 8;
    %store/vec4 v00000000010a2f50_0, 0, 8;
    %jmp T_4.12;
T_4.3 ;
    %pushi/vec4 176, 0, 8;
    %store/vec4 v00000000010a2f50_0, 0, 8;
    %jmp T_4.12;
T_4.4 ;
    %pushi/vec4 153, 0, 8;
    %store/vec4 v00000000010a2f50_0, 0, 8;
    %jmp T_4.12;
T_4.5 ;
    %pushi/vec4 146, 0, 8;
    %store/vec4 v00000000010a2f50_0, 0, 8;
    %jmp T_4.12;
T_4.6 ;
    %pushi/vec4 130, 0, 8;
    %store/vec4 v00000000010a2f50_0, 0, 8;
    %jmp T_4.12;
T_4.7 ;
    %pushi/vec4 248, 0, 8;
    %store/vec4 v00000000010a2f50_0, 0, 8;
    %jmp T_4.12;
T_4.8 ;
    %pushi/vec4 128, 0, 8;
    %store/vec4 v00000000010a2f50_0, 0, 8;
    %jmp T_4.12;
T_4.9 ;
    %pushi/vec4 152, 0, 8;
    %store/vec4 v00000000010a2f50_0, 0, 8;
    %jmp T_4.12;
T_4.10 ;
    %pushi/vec4 255, 0, 8;
    %store/vec4 v00000000010a2f50_0, 0, 8;
    %jmp T_4.12;
T_4.12 ;
    %pop/vec4 1;
    %jmp T_4;
    .thread T_4, $push;
    .scope S_00000000010df830;
T_5 ;
    %wait E_00000000010d7e00;
    %load/vec4 v00000000010a2be0_0;
    %dup/vec4;
    %pushi/vec4 0, 0, 4;
    %cmp/u;
    %jmp/1 T_5.0, 6;
    %dup/vec4;
    %pushi/vec4 1, 0, 4;
    %cmp/u;
    %jmp/1 T_5.1, 6;
    %dup/vec4;
    %pushi/vec4 2, 0, 4;
    %cmp/u;
    %jmp/1 T_5.2, 6;
    %dup/vec4;
    %pushi/vec4 3, 0, 4;
    %cmp/u;
    %jmp/1 T_5.3, 6;
    %dup/vec4;
    %pushi/vec4 4, 0, 4;
    %cmp/u;
    %jmp/1 T_5.4, 6;
    %dup/vec4;
    %pushi/vec4 5, 0, 4;
    %cmp/u;
    %jmp/1 T_5.5, 6;
    %dup/vec4;
    %pushi/vec4 6, 0, 4;
    %cmp/u;
    %jmp/1 T_5.6, 6;
    %dup/vec4;
    %pushi/vec4 7, 0, 4;
    %cmp/u;
    %jmp/1 T_5.7, 6;
    %dup/vec4;
    %pushi/vec4 8, 0, 4;
    %cmp/u;
    %jmp/1 T_5.8, 6;
    %dup/vec4;
    %pushi/vec4 9, 0, 4;
    %cmp/u;
    %jmp/1 T_5.9, 6;
    %dup/vec4;
    %pushi/vec4 15, 0, 4;
    %cmp/u;
    %jmp/1 T_5.10, 6;
    %pushi/vec4 255, 0, 8;
    %store/vec4 v00000000010a2c80_0, 0, 8;
    %jmp T_5.12;
T_5.0 ;
    %pushi/vec4 192, 0, 8;
    %store/vec4 v00000000010a2c80_0, 0, 8;
    %jmp T_5.12;
T_5.1 ;
    %pushi/vec4 249, 0, 8;
    %store/vec4 v00000000010a2c80_0, 0, 8;
    %jmp T_5.12;
T_5.2 ;
    %pushi/vec4 164, 0, 8;
    %store/vec4 v00000000010a2c80_0, 0, 8;
    %jmp T_5.12;
T_5.3 ;
    %pushi/vec4 176, 0, 8;
    %store/vec4 v00000000010a2c80_0, 0, 8;
    %jmp T_5.12;
T_5.4 ;
    %pushi/vec4 153, 0, 8;
    %store/vec4 v00000000010a2c80_0, 0, 8;
    %jmp T_5.12;
T_5.5 ;
    %pushi/vec4 146, 0, 8;
    %store/vec4 v00000000010a2c80_0, 0, 8;
    %jmp T_5.12;
T_5.6 ;
    %pushi/vec4 130, 0, 8;
    %store/vec4 v00000000010a2c80_0, 0, 8;
    %jmp T_5.12;
T_5.7 ;
    %pushi/vec4 248, 0, 8;
    %store/vec4 v00000000010a2c80_0, 0, 8;
    %jmp T_5.12;
T_5.8 ;
    %pushi/vec4 128, 0, 8;
    %store/vec4 v00000000010a2c80_0, 0, 8;
    %jmp T_5.12;
T_5.9 ;
    %pushi/vec4 152, 0, 8;
    %store/vec4 v00000000010a2c80_0, 0, 8;
    %jmp T_5.12;
T_5.10 ;
    %pushi/vec4 255, 0, 8;
    %store/vec4 v00000000010a2c80_0, 0, 8;
    %jmp T_5.12;
T_5.12 ;
    %pop/vec4 1;
    %jmp T_5;
    .thread T_5, $push;
    .scope S_00000000010df600;
T_6 ;
    %pushi/vec4 1, 0, 23;
    %store/vec4 v00000000010e77e0_0, 0, 23;
    %end;
    .thread T_6;
    .scope S_00000000010df600;
T_7 ;
    %wait E_00000000010d7d40;
    %load/vec4 v00000000010e77e0_0;
    %addi 1, 0, 23;
    %assign/vec4 v00000000010e77e0_0, 0;
    %load/vec4 v00000000010e77e0_0;
    %pad/u 32;
    %cmpi/u 2, 0, 32;
    %flag_inv 5; GE is !LT
    %jmp/0xz  T_7.0, 5;
    %pushi/vec4 1, 0, 23;
    %assign/vec4 v00000000010e77e0_0, 0;
T_7.0 ;
    %load/vec4 v00000000010e77e0_0;
    %pad/u 32;
    %cmpi/u 1, 0, 32;
    %flag_or 5, 4;
    %flag_mov 8, 5;
    %jmp/0 T_7.2, 8;
    %pushi/vec4 0, 0, 1;
    %jmp/1 T_7.3, 8;
T_7.2 ; End of true expr.
    %pushi/vec4 1, 0, 1;
    %jmp/0 T_7.3, 8;
 ; End of false expr.
    %blend;
T_7.3;
    %assign/vec4 v00000000010e8ea0_0, 0;
    %load/vec4 v00000000010e8ea0_0;
    %assign/vec4 v00000000010df790_0, 0;
    %jmp T_7;
    .thread T_7;
    .scope S_00000000010e8d10;
T_8 ;
    %pushi/vec4 1, 0, 8;
    %store/vec4 v0000000001143450_0, 0, 8;
    %end;
    .thread T_8;
    .scope S_00000000010e8d10;
T_9 ;
    %wait E_00000000010d3930;
    %load/vec4 v0000000001143130_0;
    %pad/u 32;
    %cmpi/e 0, 0, 32;
    %jmp/0xz  T_9.0, 4;
    %pushi/vec4 1, 0, 4;
    %ix/load 4, 0, 0;
    %ix/load 5, 0, 0;
    %flag_set/imm 4, 0;
    %assign/vec4/off/d v0000000001143450_0, 4, 5;
    %pushi/vec4 0, 0, 4;
    %ix/load 4, 4, 0;
    %ix/load 5, 0, 0;
    %flag_set/imm 4, 0;
    %assign/vec4/off/d v0000000001143450_0, 4, 5;
    %jmp T_9.1;
T_9.0 ;
    %load/vec4 v0000000001143450_0;
    %parti/s 4, 0, 2;
    %pad/u 32;
    %cmpi/u 9, 0, 32;
    %jmp/0xz  T_9.2, 5;
    %load/vec4 v0000000001143450_0;
    %parti/s 4, 0, 2;
    %addi 1, 0, 4;
    %ix/load 4, 0, 0;
    %ix/load 5, 0, 0;
    %flag_set/imm 4, 0;
    %assign/vec4/off/d v0000000001143450_0, 4, 5;
    %jmp T_9.3;
T_9.2 ;
    %load/vec4 v0000000001143450_0;
    %parti/s 4, 4, 4;
    %pad/u 32;
    %pushi/vec4 9, 0, 32;
    %cmp/e;
    %flag_get/vec4 4;
    %load/vec4 v0000000001143450_0;
    %parti/s 4, 0, 2;
    %pad/u 32;
    %pushi/vec4 9, 0, 32;
    %cmp/e;
    %flag_get/vec4 4;
    %and;
    %flag_set/vec4 8;
    %jmp/0xz  T_9.4, 8;
    %pushi/vec4 1, 0, 4;
    %ix/load 4, 0, 0;
    %ix/load 5, 0, 0;
    %flag_set/imm 4, 0;
    %assign/vec4/off/d v0000000001143450_0, 4, 5;
    %pushi/vec4 0, 0, 4;
    %ix/load 4, 4, 0;
    %ix/load 5, 0, 0;
    %flag_set/imm 4, 0;
    %assign/vec4/off/d v0000000001143450_0, 4, 5;
    %jmp T_9.5;
T_9.4 ;
    %pushi/vec4 0, 0, 4;
    %ix/load 4, 0, 0;
    %ix/load 5, 0, 0;
    %flag_set/imm 4, 0;
    %assign/vec4/off/d v0000000001143450_0, 4, 5;
    %load/vec4 v0000000001143450_0;
    %parti/s 4, 4, 4;
    %addi 1, 0, 4;
    %ix/load 4, 4, 0;
    %ix/load 5, 0, 0;
    %flag_set/imm 4, 0;
    %assign/vec4/off/d v0000000001143450_0, 4, 5;
T_9.5 ;
T_9.3 ;
T_9.1 ;
    %jmp T_9;
    .thread T_9;
    .scope S_00000000010e7440;
T_10 ;
    %pushi/vec4 1, 0, 2;
    %store/vec4 v0000000001144fa0_0, 0, 2;
    %pushi/vec4 0, 0, 1;
    %store/vec4 v0000000001143270_0, 0, 1;
    %end;
    .thread T_10;
    .scope S_00000000010e7440;
T_11 ;
    %vpi_call 2 24 "$dumpfile", "output_day.vcd" {0 0 0};
    %vpi_call 2 25 "$dumpvars" {0 0 0};
    %load/vec4 v0000000001143270_0;
    %inv;
    %store/vec4 v0000000001143270_0, 0, 1;
    %delay 10000, 0;
    %load/vec4 v0000000001143270_0;
    %inv;
    %store/vec4 v0000000001143270_0, 0, 1;
    %delay 10000, 0;
    %load/vec4 v0000000001143270_0;
    %inv;
    %store/vec4 v0000000001143270_0, 0, 1;
    %delay 10000, 0;
    %load/vec4 v0000000001143270_0;
    %inv;
    %store/vec4 v0000000001143270_0, 0, 1;
    %delay 10000, 0;
    %load/vec4 v0000000001143270_0;
    %inv;
    %store/vec4 v0000000001143270_0, 0, 1;
    %delay 10000, 0;
    %load/vec4 v0000000001143270_0;
    %inv;
    %store/vec4 v0000000001143270_0, 0, 1;
    %delay 10000, 0;
    %load/vec4 v0000000001143270_0;
    %inv;
    %store/vec4 v0000000001143270_0, 0, 1;
    %delay 10000, 0;
    %load/vec4 v0000000001143270_0;
    %inv;
    %store/vec4 v0000000001143270_0, 0, 1;
    %delay 10000, 0;
    %load/vec4 v0000000001143270_0;
    %inv;
    %store/vec4 v0000000001143270_0, 0, 1;
    %delay 10000, 0;
    %load/vec4 v0000000001143270_0;
    %inv;
    %store/vec4 v0000000001143270_0, 0, 1;
    %delay 10000, 0;
    %load/vec4 v0000000001143270_0;
    %inv;
    %store/vec4 v0000000001143270_0, 0, 1;
    %delay 10000, 0;
    %load/vec4 v0000000001143270_0;
    %inv;
    %store/vec4 v0000000001143270_0, 0, 1;
    %delay 10000, 0;
    %load/vec4 v0000000001143270_0;
    %inv;
    %store/vec4 v0000000001143270_0, 0, 1;
    %pushi/vec4 0, 0, 1;
    %ix/load 4, 0, 0;
    %flag_set/imm 4, 0;
    %store/vec4 v0000000001144fa0_0, 4, 1;
    %end;
    .thread T_11;
    .scope S_00000000010e7440;
T_12 ;
    %vpi_call 2 43 "$monitor", $time, " 1-99: %b%b, clock_in: %d, clock_out: %d, reset: %d", v0000000001145360_0, v00000000011459a0_0, v0000000001143270_0, v0000000001144be0_0, &PV<v0000000001144fa0_0, 0, 1> {0 0 0};
    %end;
    .thread T_12;
# The file index is used to find the file name in the following table.
:file_names 6;
    "N/A";
    "<interactive>";
    "tb_day.v";
    "day_counter.v";
    "clk_div.v";
    "seg7_decoder.v";
