Analysis & Synthesis report for Project2
Fri Oct 16 04:34:00 2020
Quartus Prime Version 20.1.0 Build 711 06/05/2020 SJ Lite Edition


---------------------
; Table of Contents ;
---------------------
  1. Legal Notice
  2. Analysis & Synthesis Summary
  3. Analysis & Synthesis Settings
  4. Parallel Compilation
  5. Analysis & Synthesis Source Files Read
  6. Analysis & Synthesis Resource Usage Summary
  7. Analysis & Synthesis Resource Utilization by Entity
  8. General Register Statistics
  9. Inverted Register Statistics
 10. Parameter Settings for User Entity Instance: day_counter:day_counter_inst|clk_div:clk_div_inst
 11. Post-Synthesis Netlist Statistics for Top Partition
 12. Elapsed Time Per Partition
 13. Analysis & Synthesis Messages



----------------
; Legal Notice ;
----------------
Copyright (C) 2020  Intel Corporation. All rights reserved.
Your use of Intel Corporation's design tools, logic functions 
and other software and tools, and any partner logic 
functions, and any output files from any of the foregoing 
(including device programming or simulation files), and any 
associated documentation or information are expressly subject 
to the terms and conditions of the Intel Program License 
Subscription Agreement, the Intel Quartus Prime License Agreement,
the Intel FPGA IP License Agreement, or other applicable license
agreement, including, without limitation, that your use is for
the sole purpose of programming logic devices manufactured by
Intel and sold by Intel or its authorized distributors.  Please
refer to the applicable agreement for further details, at
https://fpgasoftware.intel.com/eula.



+----------------------------------------------------------------------------------+
; Analysis & Synthesis Summary                                                     ;
+------------------------------------+---------------------------------------------+
; Analysis & Synthesis Status        ; Successful - Fri Oct 16 04:34:00 2020       ;
; Quartus Prime Version              ; 20.1.0 Build 711 06/05/2020 SJ Lite Edition ;
; Revision Name                      ; Project2                                    ;
; Top-level Entity Name              ; Project2                                    ;
; Family                             ; MAX 10                                      ;
; Total logic elements               ; 90                                          ;
;     Total combinational functions  ; 89                                          ;
;     Dedicated logic registers      ; 33                                          ;
; Total registers                    ; 33                                          ;
; Total pins                         ; 71                                          ;
; Total virtual pins                 ; 0                                           ;
; Total memory bits                  ; 0                                           ;
; Embedded Multiplier 9-bit elements ; 0                                           ;
; Total PLLs                         ; 0                                           ;
; UFM blocks                         ; 0                                           ;
; ADC blocks                         ; 0                                           ;
+------------------------------------+---------------------------------------------+


+------------------------------------------------------------------------------------------------------------+
; Analysis & Synthesis Settings                                                                              ;
+------------------------------------------------------------------+--------------------+--------------------+
; Option                                                           ; Setting            ; Default Value      ;
+------------------------------------------------------------------+--------------------+--------------------+
; Device                                                           ; 10M50DAF484C7G     ;                    ;
; Top-level entity name                                            ; Project2           ; Project2           ;
; Family name                                                      ; MAX 10 FPGA        ; Cyclone V          ;
; Use smart compilation                                            ; Off                ; Off                ;
; Enable parallel Assembler and Timing Analyzer during compilation ; On                 ; On                 ;
; Enable compact report table                                      ; Off                ; Off                ;
; Restructure Multiplexers                                         ; Auto               ; Auto               ;
; Create Debugging Nodes for IP Cores                              ; Off                ; Off                ;
; Preserve fewer node names                                        ; On                 ; On                 ;
; Intel FPGA IP Evaluation Mode                                    ; Enable             ; Enable             ;
; Verilog Version                                                  ; Verilog_2001       ; Verilog_2001       ;
; VHDL Version                                                     ; VHDL_1993          ; VHDL_1993          ;
; State Machine Processing                                         ; Auto               ; Auto               ;
; Safe State Machine                                               ; Off                ; Off                ;
; Extract Verilog State Machines                                   ; On                 ; On                 ;
; Extract VHDL State Machines                                      ; On                 ; On                 ;
; Ignore Verilog initial constructs                                ; Off                ; Off                ;
; Iteration limit for constant Verilog loops                       ; 5000               ; 5000               ;
; Iteration limit for non-constant Verilog loops                   ; 250                ; 250                ;
; Add Pass-Through Logic to Inferred RAMs                          ; On                 ; On                 ;
; Infer RAMs from Raw Logic                                        ; On                 ; On                 ;
; Parallel Synthesis                                               ; On                 ; On                 ;
; DSP Block Balancing                                              ; Auto               ; Auto               ;
; NOT Gate Push-Back                                               ; On                 ; On                 ;
; Power-Up Don't Care                                              ; On                 ; On                 ;
; Remove Redundant Logic Cells                                     ; Off                ; Off                ;
; Remove Duplicate Registers                                       ; On                 ; On                 ;
; Ignore CARRY Buffers                                             ; Off                ; Off                ;
; Ignore CASCADE Buffers                                           ; Off                ; Off                ;
; Ignore GLOBAL Buffers                                            ; Off                ; Off                ;
; Ignore ROW GLOBAL Buffers                                        ; Off                ; Off                ;
; Ignore LCELL Buffers                                             ; Off                ; Off                ;
; Ignore SOFT Buffers                                              ; On                 ; On                 ;
; Limit AHDL Integers to 32 Bits                                   ; Off                ; Off                ;
; Optimization Technique                                           ; Balanced           ; Balanced           ;
; Carry Chain Length                                               ; 70                 ; 70                 ;
; Auto Carry Chains                                                ; On                 ; On                 ;
; Auto Open-Drain Pins                                             ; On                 ; On                 ;
; Perform WYSIWYG Primitive Resynthesis                            ; Off                ; Off                ;
; Auto ROM Replacement                                             ; On                 ; On                 ;
; Auto RAM Replacement                                             ; On                 ; On                 ;
; Auto DSP Block Replacement                                       ; On                 ; On                 ;
; Auto Shift Register Replacement                                  ; Auto               ; Auto               ;
; Allow Shift Register Merging across Hierarchies                  ; Auto               ; Auto               ;
; Auto Clock Enable Replacement                                    ; On                 ; On                 ;
; Strict RAM Replacement                                           ; Off                ; Off                ;
; Allow Synchronous Control Signals                                ; On                 ; On                 ;
; Force Use of Synchronous Clear Signals                           ; Off                ; Off                ;
; Auto RAM Block Balancing                                         ; On                 ; On                 ;
; Auto RAM to Logic Cell Conversion                                ; Off                ; Off                ;
; Auto Resource Sharing                                            ; Off                ; Off                ;
; Allow Any RAM Size For Recognition                               ; Off                ; Off                ;
; Allow Any ROM Size For Recognition                               ; Off                ; Off                ;
; Allow Any Shift Register Size For Recognition                    ; Off                ; Off                ;
; Use LogicLock Constraints during Resource Balancing              ; On                 ; On                 ;
; Ignore translate_off and synthesis_off directives                ; Off                ; Off                ;
; Timing-Driven Synthesis                                          ; On                 ; On                 ;
; Report Parameter Settings                                        ; On                 ; On                 ;
; Report Source Assignments                                        ; On                 ; On                 ;
; Report Connectivity Checks                                       ; On                 ; On                 ;
; Ignore Maximum Fan-Out Assignments                               ; Off                ; Off                ;
; Synchronization Register Chain Length                            ; 2                  ; 2                  ;
; Power Optimization During Synthesis                              ; Normal compilation ; Normal compilation ;
; HDL message level                                                ; Level2             ; Level2             ;
; Suppress Register Optimization Related Messages                  ; Off                ; Off                ;
; Number of Removed Registers Reported in Synthesis Report         ; 5000               ; 5000               ;
; Number of Swept Nodes Reported in Synthesis Report               ; 5000               ; 5000               ;
; Number of Inverted Registers Reported in Synthesis Report        ; 100                ; 100                ;
; Clock MUX Protection                                             ; On                 ; On                 ;
; Auto Gated Clock Conversion                                      ; Off                ; Off                ;
; Block Design Naming                                              ; Auto               ; Auto               ;
; SDC constraint protection                                        ; Off                ; Off                ;
; Synthesis Effort                                                 ; Auto               ; Auto               ;
; Shift Register Replacement - Allow Asynchronous Clear Signal     ; On                 ; On                 ;
; Pre-Mapping Resynthesis Optimization                             ; Off                ; Off                ;
; Analysis & Synthesis Message Level                               ; Medium             ; Medium             ;
; Disable Register Merging Across Hierarchies                      ; Auto               ; Auto               ;
; Resource Aware Inference For Block RAM                           ; On                 ; On                 ;
+------------------------------------------------------------------+--------------------+--------------------+


+------------------------------------------+
; Parallel Compilation                     ;
+----------------------------+-------------+
; Processors                 ; Number      ;
+----------------------------+-------------+
; Number detected on machine ; 6           ;
; Maximum allowed            ; 6           ;
;                            ;             ;
; Average used               ; 1.00        ;
; Maximum used               ; 6           ;
;                            ;             ;
; Usage by Processor         ; % Time Used ;
;     Processor 1            ; 100.0%      ;
;     Processors 2-6         ;   0.0%      ;
+----------------------------+-------------+


+----------------------------------------------------------------------------------------------------------------------------------------------------------------+
; Analysis & Synthesis Source Files Read                                                                                                                         ;
+----------------------------------+-----------------+------------------------+------------------------------------------------------------------------+---------+
; File Name with User-Entered Path ; Used in Netlist ; File Type              ; File Name with Absolute Path                                           ; Library ;
+----------------------------------+-----------------+------------------------+------------------------------------------------------------------------+---------+
; ../verilog/clk_div.v             ; yes             ; User Verilog HDL File  ; C:/Users/alexm/Documents/ecen2350/Project2_Work/verilog/clk_div.v      ;         ;
; ../verilog/seg7_decoder.v        ; yes             ; User Verilog HDL File  ; C:/Users/alexm/Documents/ecen2350/Project2_Work/verilog/seg7_decoder.v ;         ;
; ../verilog/Project2.v            ; yes             ; User Verilog HDL File  ; C:/Users/alexm/Documents/ecen2350/Project2_Work/verilog/Project2.v     ;         ;
; ../verilog/day_counter.v         ; yes             ; User Verilog HDL File  ; C:/Users/alexm/Documents/ecen2350/Project2_Work/verilog/day_counter.v  ;         ;
+----------------------------------+-----------------+------------------------+------------------------------------------------------------------------+---------+


+-------------------------------------------------------------------------------------------------------------+
; Analysis & Synthesis Resource Usage Summary                                                                 ;
+---------------------------------------------+---------------------------------------------------------------+
; Resource                                    ; Usage                                                         ;
+---------------------------------------------+---------------------------------------------------------------+
; Estimated Total logic elements              ; 90                                                            ;
;                                             ;                                                               ;
; Total combinational functions               ; 89                                                            ;
; Logic element usage by number of LUT inputs ;                                                               ;
;     -- 4 input functions                    ; 60                                                            ;
;     -- 3 input functions                    ; 3                                                             ;
;     -- <=2 input functions                  ; 26                                                            ;
;                                             ;                                                               ;
; Logic elements by mode                      ;                                                               ;
;     -- normal mode                          ; 67                                                            ;
;     -- arithmetic mode                      ; 22                                                            ;
;                                             ;                                                               ;
; Total registers                             ; 33                                                            ;
;     -- Dedicated logic registers            ; 33                                                            ;
;     -- I/O registers                        ; 0                                                             ;
;                                             ;                                                               ;
; I/O pins                                    ; 71                                                            ;
;                                             ;                                                               ;
; Embedded Multiplier 9-bit elements          ; 0                                                             ;
;                                             ;                                                               ;
; Maximum fan-out node                        ; day_counter:day_counter_inst|clk_div:clk_div_inst|counter[17] ;
; Maximum fan-out                             ; 26                                                            ;
; Total fan-out                               ; 462                                                           ;
; Average fan-out                             ; 1.75                                                          ;
+---------------------------------------------+---------------------------------------------------------------+


+-------------------------------------------------------------------------------------------------------------------------------------------------------------------------------------------------------------------------------------------------------------------------------------------------------+
; Analysis & Synthesis Resource Utilization by Entity                                                                                                                                                                                                                                                   ;
+------------------------------------------+---------------------+---------------------------+-------------+------------+--------------+---------+-----------+------+--------------+------------+-------------------------------------------------------------------------+--------------+--------------+
; Compilation Hierarchy Node               ; Combinational ALUTs ; Dedicated Logic Registers ; Memory Bits ; UFM Blocks ; DSP Elements ; DSP 9x9 ; DSP 18x18 ; Pins ; Virtual Pins ; ADC blocks ; Full Hierarchy Name                                                     ; Entity Name  ; Library Name ;
+------------------------------------------+---------------------+---------------------------+-------------+------------+--------------+---------+-----------+------+--------------+------------+-------------------------------------------------------------------------+--------------+--------------+
; |Project2                                ; 89 (0)              ; 33 (0)                    ; 0           ; 0          ; 0            ; 0       ; 0         ; 71   ; 0            ; 0          ; |Project2                                                               ; Project2     ; work         ;
;    |day_counter:day_counter_inst|        ; 89 (12)             ; 33 (8)                    ; 0           ; 0          ; 0            ; 0       ; 0         ; 0    ; 0            ; 0          ; |Project2|day_counter:day_counter_inst                                  ; day_counter  ; work         ;
;       |clk_div:clk_div_inst|             ; 63 (63)             ; 25 (25)                   ; 0           ; 0          ; 0            ; 0       ; 0         ; 0    ; 0            ; 0          ; |Project2|day_counter:day_counter_inst|clk_div:clk_div_inst             ; clk_div      ; work         ;
;       |seg7_decoder:seg7_decoder_inst_4| ; 7 (7)               ; 0 (0)                     ; 0           ; 0          ; 0            ; 0       ; 0         ; 0    ; 0            ; 0          ; |Project2|day_counter:day_counter_inst|seg7_decoder:seg7_decoder_inst_4 ; seg7_decoder ; work         ;
;       |seg7_decoder:seg7_decoder_inst_5| ; 7 (7)               ; 0 (0)                     ; 0           ; 0          ; 0            ; 0       ; 0         ; 0    ; 0            ; 0          ; |Project2|day_counter:day_counter_inst|seg7_decoder:seg7_decoder_inst_5 ; seg7_decoder ; work         ;
+------------------------------------------+---------------------+---------------------------+-------------+------------+--------------+---------+-----------+------+--------------+------------+-------------------------------------------------------------------------+--------------+--------------+
Note: For table entries with two numbers listed, the numbers in parentheses indicate the number of resources of the given type used by the specific entity alone. The numbers listed outside of parentheses indicate the total resources of the given type used by the specific entity and all of its sub-entities in the hierarchy.


+------------------------------------------------------+
; General Register Statistics                          ;
+----------------------------------------------+-------+
; Statistic                                    ; Value ;
+----------------------------------------------+-------+
; Total registers                              ; 33    ;
; Number of registers using Synchronous Clear  ; 0     ;
; Number of registers using Synchronous Load   ; 0     ;
; Number of registers using Asynchronous Clear ; 8     ;
; Number of registers using Asynchronous Load  ; 0     ;
; Number of registers using Clock Enable       ; 3     ;
; Number of registers using Preset             ; 0     ;
+----------------------------------------------+-------+


+------------------------------------------------------------------------+
; Inverted Register Statistics                                           ;
+--------------------------------------------------------------+---------+
; Inverted Register                                            ; Fan out ;
+--------------------------------------------------------------+---------+
; day_counter:day_counter_inst|BCD[0]                          ; 13      ;
; day_counter:day_counter_inst|clk_div:clk_div_inst|counter[0] ; 2       ;
; Total number of inverted registers = 2                       ;         ;
+--------------------------------------------------------------+---------+


+------------------------------------------------------------------------------------------------+
; Parameter Settings for User Entity Instance: day_counter:day_counter_inst|clk_div:clk_div_inst ;
+----------------+---------+---------------------------------------------------------------------+
; Parameter Name ; Value   ; Type                                                                ;
+----------------+---------+---------------------------------------------------------------------+
; div            ; 5000000 ; Signed Integer                                                      ;
+----------------+---------+---------------------------------------------------------------------+
Note: In order to hide this table in the UI and the text report file, please set the "Show Parameter Settings in Synthesis Report" option in "Analysis and Synthesis Settings -> More Settings" to "Off".


+-----------------------------------------------------+
; Post-Synthesis Netlist Statistics for Top Partition ;
+-----------------------+-----------------------------+
; Type                  ; Count                       ;
+-----------------------+-----------------------------+
; boundary_port         ; 71                          ;
; cycloneiii_ff         ; 33                          ;
;     CLR               ; 5                           ;
;     ENA CLR           ; 3                           ;
;     plain             ; 25                          ;
; cycloneiii_lcell_comb ; 93                          ;
;     arith             ; 22                          ;
;         2 data inputs ; 22                          ;
;     normal            ; 71                          ;
;         0 data inputs ; 2                           ;
;         1 data inputs ; 4                           ;
;         2 data inputs ; 2                           ;
;         3 data inputs ; 3                           ;
;         4 data inputs ; 60                          ;
;                       ;                             ;
; Max LUT depth         ; 4.20                        ;
; Average LUT depth     ; 3.01                        ;
+-----------------------+-----------------------------+


+-------------------------------+
; Elapsed Time Per Partition    ;
+----------------+--------------+
; Partition Name ; Elapsed Time ;
+----------------+--------------+
; Top            ; 00:00:00     ;
+----------------+--------------+


+-------------------------------+
; Analysis & Synthesis Messages ;
+-------------------------------+
Info: *******************************************************************
Info: Running Quartus Prime Analysis & Synthesis
    Info: Version 20.1.0 Build 711 06/05/2020 SJ Lite Edition
    Info: Processing started: Fri Oct 16 04:33:52 2020
Info: Command: quartus_map --read_settings_files=on --write_settings_files=off Project2 -c Project2
Warning (18236): Number of processors has not been specified which may cause overloading on shared machines.  Set the global assignment NUM_PARALLEL_PROCESSORS in your QSF to an appropriate value for best performance.
Info (20030): Parallel compilation is enabled and will use 6 of the 6 processors detected
Info (12021): Found 1 design units, including 1 entities, in source file /users/alexm/documents/ecen2350/project2_work/verilog/clk_div.v
    Info (12023): Found entity 1: clk_div File: C:/Users/alexm/Documents/ecen2350/Project2_Work/verilog/clk_div.v Line: 1
Info (12021): Found 1 design units, including 1 entities, in source file /users/alexm/documents/ecen2350/project2_work/verilog/seg7_decoder.v
    Info (12023): Found entity 1: seg7_decoder File: C:/Users/alexm/Documents/ecen2350/Project2_Work/verilog/seg7_decoder.v Line: 1
Info (12021): Found 1 design units, including 1 entities, in source file /users/alexm/documents/ecen2350/project2_work/verilog/project2.v
    Info (12023): Found entity 1: Project2 File: C:/Users/alexm/Documents/ecen2350/Project2_Work/verilog/Project2.v Line: 1
Info (12021): Found 1 design units, including 1 entities, in source file /users/alexm/documents/ecen2350/project2_work/verilog/day_counter.v
    Info (12023): Found entity 1: day_counter File: C:/Users/alexm/Documents/ecen2350/Project2_Work/verilog/day_counter.v Line: 1
Info (12127): Elaborating entity "Project2" for the top level hierarchy
Warning (10034): Output port "LEDR[9..1]" at Project2.v(5) has no driver File: C:/Users/alexm/Documents/ecen2350/Project2_Work/verilog/Project2.v Line: 5
Info (12128): Elaborating entity "day_counter" for hierarchy "day_counter:day_counter_inst" File: C:/Users/alexm/Documents/ecen2350/Project2_Work/verilog/Project2.v Line: 20
Warning (10230): Verilog HDL assignment warning at day_counter.v(28): truncated value with size 32 to match size of target (4) File: C:/Users/alexm/Documents/ecen2350/Project2_Work/verilog/day_counter.v Line: 28
Warning (10230): Verilog HDL assignment warning at day_counter.v(37): truncated value with size 32 to match size of target (4) File: C:/Users/alexm/Documents/ecen2350/Project2_Work/verilog/day_counter.v Line: 37
Info (12128): Elaborating entity "seg7_decoder" for hierarchy "day_counter:day_counter_inst|seg7_decoder:seg7_decoder_inst_5" File: C:/Users/alexm/Documents/ecen2350/Project2_Work/verilog/day_counter.v Line: 10
Info (12128): Elaborating entity "clk_div" for hierarchy "day_counter:day_counter_inst|clk_div:clk_div_inst" File: C:/Users/alexm/Documents/ecen2350/Project2_Work/verilog/day_counter.v Line: 18
Info (13000): Registers with preset signals will power-up high File: C:/Users/alexm/Documents/ecen2350/Project2_Work/verilog/day_counter.v Line: 27
Info (13003): DEV_CLRn pin will set, and not reset, register with preset signal due to NOT Gate Push-Back
Warning (13024): Output pins are stuck at VCC or GND
    Warning (13410): Pin "LEDR[1]" is stuck at GND File: C:/Users/alexm/Documents/ecen2350/Project2_Work/verilog/Project2.v Line: 5
    Warning (13410): Pin "LEDR[2]" is stuck at GND File: C:/Users/alexm/Documents/ecen2350/Project2_Work/verilog/Project2.v Line: 5
    Warning (13410): Pin "LEDR[3]" is stuck at GND File: C:/Users/alexm/Documents/ecen2350/Project2_Work/verilog/Project2.v Line: 5
    Warning (13410): Pin "LEDR[4]" is stuck at GND File: C:/Users/alexm/Documents/ecen2350/Project2_Work/verilog/Project2.v Line: 5
    Warning (13410): Pin "LEDR[5]" is stuck at GND File: C:/Users/alexm/Documents/ecen2350/Project2_Work/verilog/Project2.v Line: 5
    Warning (13410): Pin "LEDR[6]" is stuck at GND File: C:/Users/alexm/Documents/ecen2350/Project2_Work/verilog/Project2.v Line: 5
    Warning (13410): Pin "LEDR[7]" is stuck at GND File: C:/Users/alexm/Documents/ecen2350/Project2_Work/verilog/Project2.v Line: 5
    Warning (13410): Pin "LEDR[8]" is stuck at GND File: C:/Users/alexm/Documents/ecen2350/Project2_Work/verilog/Project2.v Line: 5
    Warning (13410): Pin "LEDR[9]" is stuck at GND File: C:/Users/alexm/Documents/ecen2350/Project2_Work/verilog/Project2.v Line: 5
    Warning (13410): Pin "HEX0[0]" is stuck at VCC File: C:/Users/alexm/Documents/ecen2350/Project2_Work/verilog/Project2.v Line: 6
    Warning (13410): Pin "HEX0[1]" is stuck at VCC File: C:/Users/alexm/Documents/ecen2350/Project2_Work/verilog/Project2.v Line: 6
    Warning (13410): Pin "HEX0[2]" is stuck at VCC File: C:/Users/alexm/Documents/ecen2350/Project2_Work/verilog/Project2.v Line: 6
    Warning (13410): Pin "HEX0[3]" is stuck at VCC File: C:/Users/alexm/Documents/ecen2350/Project2_Work/verilog/Project2.v Line: 6
    Warning (13410): Pin "HEX0[4]" is stuck at VCC File: C:/Users/alexm/Documents/ecen2350/Project2_Work/verilog/Project2.v Line: 6
    Warning (13410): Pin "HEX0[5]" is stuck at VCC File: C:/Users/alexm/Documents/ecen2350/Project2_Work/verilog/Project2.v Line: 6
    Warning (13410): Pin "HEX0[6]" is stuck at VCC File: C:/Users/alexm/Documents/ecen2350/Project2_Work/verilog/Project2.v Line: 6
    Warning (13410): Pin "HEX0[7]" is stuck at VCC File: C:/Users/alexm/Documents/ecen2350/Project2_Work/verilog/Project2.v Line: 6
    Warning (13410): Pin "HEX1[0]" is stuck at VCC File: C:/Users/alexm/Documents/ecen2350/Project2_Work/verilog/Project2.v Line: 6
    Warning (13410): Pin "HEX1[1]" is stuck at VCC File: C:/Users/alexm/Documents/ecen2350/Project2_Work/verilog/Project2.v Line: 6
    Warning (13410): Pin "HEX1[2]" is stuck at VCC File: C:/Users/alexm/Documents/ecen2350/Project2_Work/verilog/Project2.v Line: 6
    Warning (13410): Pin "HEX1[3]" is stuck at VCC File: C:/Users/alexm/Documents/ecen2350/Project2_Work/verilog/Project2.v Line: 6
    Warning (13410): Pin "HEX1[4]" is stuck at VCC File: C:/Users/alexm/Documents/ecen2350/Project2_Work/verilog/Project2.v Line: 6
    Warning (13410): Pin "HEX1[5]" is stuck at VCC File: C:/Users/alexm/Documents/ecen2350/Project2_Work/verilog/Project2.v Line: 6
    Warning (13410): Pin "HEX1[6]" is stuck at VCC File: C:/Users/alexm/Documents/ecen2350/Project2_Work/verilog/Project2.v Line: 6
    Warning (13410): Pin "HEX1[7]" is stuck at VCC File: C:/Users/alexm/Documents/ecen2350/Project2_Work/verilog/Project2.v Line: 6
    Warning (13410): Pin "HEX2[0]" is stuck at VCC File: C:/Users/alexm/Documents/ecen2350/Project2_Work/verilog/Project2.v Line: 6
    Warning (13410): Pin "HEX2[1]" is stuck at VCC File: C:/Users/alexm/Documents/ecen2350/Project2_Work/verilog/Project2.v Line: 6
    Warning (13410): Pin "HEX2[2]" is stuck at VCC File: C:/Users/alexm/Documents/ecen2350/Project2_Work/verilog/Project2.v Line: 6
    Warning (13410): Pin "HEX2[3]" is stuck at VCC File: C:/Users/alexm/Documents/ecen2350/Project2_Work/verilog/Project2.v Line: 6
    Warning (13410): Pin "HEX2[4]" is stuck at VCC File: C:/Users/alexm/Documents/ecen2350/Project2_Work/verilog/Project2.v Line: 6
    Warning (13410): Pin "HEX2[5]" is stuck at VCC File: C:/Users/alexm/Documents/ecen2350/Project2_Work/verilog/Project2.v Line: 6
    Warning (13410): Pin "HEX2[6]" is stuck at VCC File: C:/Users/alexm/Documents/ecen2350/Project2_Work/verilog/Project2.v Line: 6
    Warning (13410): Pin "HEX2[7]" is stuck at VCC File: C:/Users/alexm/Documents/ecen2350/Project2_Work/verilog/Project2.v Line: 6
    Warning (13410): Pin "HEX3[0]" is stuck at VCC File: C:/Users/alexm/Documents/ecen2350/Project2_Work/verilog/Project2.v Line: 6
    Warning (13410): Pin "HEX3[1]" is stuck at VCC File: C:/Users/alexm/Documents/ecen2350/Project2_Work/verilog/Project2.v Line: 6
    Warning (13410): Pin "HEX3[2]" is stuck at VCC File: C:/Users/alexm/Documents/ecen2350/Project2_Work/verilog/Project2.v Line: 6
    Warning (13410): Pin "HEX3[3]" is stuck at VCC File: C:/Users/alexm/Documents/ecen2350/Project2_Work/verilog/Project2.v Line: 6
    Warning (13410): Pin "HEX3[4]" is stuck at VCC File: C:/Users/alexm/Documents/ecen2350/Project2_Work/verilog/Project2.v Line: 6
    Warning (13410): Pin "HEX3[5]" is stuck at VCC File: C:/Users/alexm/Documents/ecen2350/Project2_Work/verilog/Project2.v Line: 6
    Warning (13410): Pin "HEX3[6]" is stuck at VCC File: C:/Users/alexm/Documents/ecen2350/Project2_Work/verilog/Project2.v Line: 6
    Warning (13410): Pin "HEX3[7]" is stuck at VCC File: C:/Users/alexm/Documents/ecen2350/Project2_Work/verilog/Project2.v Line: 6
    Warning (13410): Pin "HEX4[7]" is stuck at VCC File: C:/Users/alexm/Documents/ecen2350/Project2_Work/verilog/Project2.v Line: 6
    Warning (13410): Pin "HEX5[7]" is stuck at VCC File: C:/Users/alexm/Documents/ecen2350/Project2_Work/verilog/Project2.v Line: 6
Info (286030): Timing-Driven Synthesis is running
Critical Warning (18061): Ignored Power-Up Level option on the following registers
    Critical Warning (18010): Register day_counter:day_counter_inst|BCD[0] will power up to High File: C:/Users/alexm/Documents/ecen2350/Project2_Work/verilog/day_counter.v Line: 27
Info (16010): Generating hard_block partition "hard_block:auto_generated_inst"
    Info (16011): Adding 0 node(s), including 0 DDIO, 0 PLL, 0 transceiver and 0 LCELL
Warning (21074): Design contains 11 input pin(s) that do not drive logic
    Warning (15610): No output dependent on input pin "SW[0]" File: C:/Users/alexm/Documents/ecen2350/Project2_Work/verilog/Project2.v Line: 2
    Warning (15610): No output dependent on input pin "SW[1]" File: C:/Users/alexm/Documents/ecen2350/Project2_Work/verilog/Project2.v Line: 2
    Warning (15610): No output dependent on input pin "SW[2]" File: C:/Users/alexm/Documents/ecen2350/Project2_Work/verilog/Project2.v Line: 2
    Warning (15610): No output dependent on input pin "SW[3]" File: C:/Users/alexm/Documents/ecen2350/Project2_Work/verilog/Project2.v Line: 2
    Warning (15610): No output dependent on input pin "SW[4]" File: C:/Users/alexm/Documents/ecen2350/Project2_Work/verilog/Project2.v Line: 2
    Warning (15610): No output dependent on input pin "SW[5]" File: C:/Users/alexm/Documents/ecen2350/Project2_Work/verilog/Project2.v Line: 2
    Warning (15610): No output dependent on input pin "SW[6]" File: C:/Users/alexm/Documents/ecen2350/Project2_Work/verilog/Project2.v Line: 2
    Warning (15610): No output dependent on input pin "SW[7]" File: C:/Users/alexm/Documents/ecen2350/Project2_Work/verilog/Project2.v Line: 2
    Warning (15610): No output dependent on input pin "SW[8]" File: C:/Users/alexm/Documents/ecen2350/Project2_Work/verilog/Project2.v Line: 2
    Warning (15610): No output dependent on input pin "SW[9]" File: C:/Users/alexm/Documents/ecen2350/Project2_Work/verilog/Project2.v Line: 2
    Warning (15610): No output dependent on input pin "KEY[1]" File: C:/Users/alexm/Documents/ecen2350/Project2_Work/verilog/Project2.v Line: 3
Info (21057): Implemented 161 device resources after synthesis - the final resource count might be different
    Info (21058): Implemented 13 input pins
    Info (21059): Implemented 58 output pins
    Info (21061): Implemented 90 logic cells
Info: Quartus Prime Analysis & Synthesis was successful. 0 errors, 62 warnings
    Info: Peak virtual memory: 4781 megabytes
    Info: Processing ended: Fri Oct 16 04:34:00 2020
    Info: Elapsed time: 00:00:08
    Info: Total CPU time (on all processors): 00:00:16


